<?xml version="1.0" encoding="UTF-8"?>
<testng-results skipped="0" failed="0" total="2" passed="2">
  <reporter-output>
  </reporter-output>
  <suite name="Suite1" duration-ms="163" started-at="2015-02-15T13:58:47Z" finished-at="2015-02-15T13:58:47Z">
    <groups>
    </groups>
    <test name="Numbers" duration-ms="60" started-at="2015-02-15T13:58:47Z" finished-at="2015-02-15T13:58:47Z">
      <class name="org.seleniumqa.lesson_2.PrimeNumber">
        <test-method status="PASS" signature="setUp()[pri:0, instance:org.seleniumqa.lesson_2.PrimeNumber@66048bfd]" name="setUp" is-config="true" duration-ms="19" started-at="2015-02-15T15:58:47Z" finished-at="2015-02-15T15:58:47Z">
          <reporter-output>
          </reporter-output>
        </test-method> <!-- setUp -->
        <test-method status="PASS" signature="isPrimeTest()[pri:0, instance:org.seleniumqa.lesson_2.PrimeNumber@66048bfd]" name="isPrimeTest" duration-ms="11" started-at="2015-02-15T15:58:47Z" finished-at="2015-02-15T15:58:47Z">
          <reporter-output>
          </reporter-output>
        </test-method> <!-- isPrimeTest -->
        <test-method status="PASS" signature="tearDown()[pri:0, instance:org.seleniumqa.lesson_2.PrimeNumber@66048bfd]" name="tearDown" is-config="true" duration-ms="1" started-at="2015-02-15T15:58:47Z" finished-at="2015-02-15T15:58:47Z">
          <reporter-output>
          </reporter-output>
        </test-method> <!-- tearDown -->
      </class> <!-- org.seleniumqa.lesson_2.PrimeNumber -->
    </test> <!-- Numbers -->
    <test name="Strings" duration-ms="2" started-at="2015-02-15T13:58:47Z" finished-at="2015-02-15T13:58:47Z">
      <class name="org.seleniumqa.lesson_2.StringSearch">
        <test-method status="PASS" signature="setUp()[pri:0, instance:org.seleniumqa.lesson_2.StringSearch@19bb089b]" name="setUp" is-config="true" duration-ms="0" started-at="2015-02-15T15:58:47Z" finished-at="2015-02-15T15:58:47Z">
          <reporter-output>
          </reporter-output>
        </test-method> <!-- setUp -->
        <test-method status="PASS" signature="stringIsThere()[pri:0, instance:org.seleniumqa.lesson_2.StringSearch@19bb089b]" name="stringIsThere" duration-ms="1" started-at="2015-02-15T15:58:47Z" finished-at="2015-02-15T15:58:47Z">
          <reporter-output>
          </reporter-output>
        </test-method> <!-- stringIsThere -->
        <test-method status="PASS" signature="TearDown()[pri:0, instance:org.seleniumqa.lesson_2.StringSearch@19bb089b]" name="TearDown" is-config="true" duration-ms="0" started-at="2015-02-15T15:58:47Z" finished-at="2015-02-15T15:58:47Z">
          <reporter-output>
          </reporter-output>
        </test-method> <!-- TearDown -->
      </class> <!-- org.seleniumqa.lesson_2.StringSearch -->
    </test> <!-- Strings -->
  </suite> <!-- Suite1 -->
</testng-results>
